\BOOKMARK [1][-]{section.1}{Introduction}{}% 1
\BOOKMARK [1][-]{section.2}{Related work}{}% 2
\BOOKMARK [1][-]{section.3}{Background}{}% 3
\BOOKMARK [2][-]{subsection.3.1}{The bio-inspired exploration algorithms}{section.3}% 4
\BOOKMARK [2][-]{subsection.3.2}{The Unicycle Point to Point control algorithm}{section.3}% 5
\BOOKMARK [2][-]{subsection.3.3}{FMI standard}{section.3}% 6
\BOOKMARK [2][-]{subsection.3.4}{Design Space Exploration}{section.3}% 7
\BOOKMARK [2][-]{subsection.3.5}{INTO-CPS project}{section.3}% 8
\BOOKMARK [2][-]{subsection.3.6}{Development tools}{section.3}% 9
\BOOKMARK [3][-]{subsubsection.3.6.1}{INTO-CPS Application}{subsection.3.6}% 10
\BOOKMARK [3][-]{subsubsection.3.6.2}{PVSio-Web}{subsection.3.6}% 11
\BOOKMARK [2][-]{subsection.3.7}{Programming languages and libraries}{section.3}% 12
\BOOKMARK [1][-]{section.4}{Co-simulation architecture}{}% 13
\BOOKMARK [2][-]{subsection.4.1}{Overall architecture of the Cyber-Physical System}{section.4}% 14
\BOOKMARK [2][-]{subsection.4.2}{The Environment FMU}{section.4}% 15
\BOOKMARK [2][-]{subsection.4.3}{The Controller FMU}{section.4}% 16
\BOOKMARK [1][-]{section.5}{Co-simulation of the exploration algorithm}{}% 17
\BOOKMARK [1][-]{section.6}{Co-simulation of the control algorithm}{}% 18
\BOOKMARK [1][-]{section.7}{Co-simulation of the Cyber-Physical System}{}% 19
\BOOKMARK [2][-]{subsection.7.1}{Co-simulation visualization through INTO-CPS}{section.7}% 20
\BOOKMARK [2][-]{subsection.7.2}{External co-simulation representation view}{section.7}% 21
\BOOKMARK [1][-]{section.8}{Implementation of a user interface for scenario customization}{}% 22
\BOOKMARK [1][-]{section.9}{DSE for co-simulation parameter optimization}{}% 23
\BOOKMARK [1][-]{section.10}{Results comparison}{}% 24
\BOOKMARK [1][-]{section.11}{Discussion and conclusions}{}% 25
\BOOKMARK [1][-]{section.12}{References}{}% 26
